<?xml version="1.0" encoding="utf-8"?><testsuites name="pytest tests"><testsuite name="pytest" errors="0" failures="0" skipped="0" tests="13" time="2.959" timestamp="2026-09-01T12:32:19.514750+00:00" hostname="agent-env-322ded33-8436-4a98-ab4a-cea10d0bbc00"><testcase classname="backend_test.TestExperienceDNA" name="test_dna_case_001" time="0.411" /><testcase classname="backend_test.TestExperienceDNA" name="test_dna_not_found" time="0.126" /><testcase classname="backend_test.TestMemoryQuality" name="test_memory_quality_shape" time="0.142" /><testcase classname="backend_test.TestRecallUpgrade" name="test_recall_returns_components" time="0.228" /><testcase classname="backend_test.TestConflicts" name="test_conflicts_enriched" time="0.149" /><testcase classname="backend_test.TestSituations" name="test_seed_low_rule_and_situations" time="0.551" /><testcase classname="backend_test.TestSituations" name="test_cleanup_rule" time="0.143" /><testcase classname="backend_test.TestUploadsPDFTXT" name="test_upload_txt_narrative" time="0.145" /><testcase classname="backend_test.TestUploadsPDFTXT" name="test_upload_pdf" time="0.388" /><testcase classname="backend_test.TestUploadsPDFTXT" name="test_upload_reject_unsupported" time="0.130" /><testcase classname="backend_test.TestLegacy" name="test_cases_list" time="0.145" /><testcase classname="backend_test.TestLegacy" name="test_kpis" time="0.121" /><testcase classname="backend_test.TestLegacy" name="test_case_evidence" time="0.189" /></testsuite></testsuites>