<?xml version="1.0" encoding="utf-8"?><testsuites name="pytest tests"><testsuite name="pytest" errors="0" failures="0" skipped="0" tests="14" time="6.732" timestamp="2026-09-01T11:56:21.901767+00:00" hostname="agent-env-322ded33-8436-4a98-ab4a-cea10d0bbc00"><testcase classname="backend_test.TestAlertRules" name="test_list_rules_initial" time="0.400" /><testcase classname="backend_test.TestAlertRules" name="test_create_rule" time="0.120" /><testcase classname="backend_test.TestAlertRules" name="test_create_low_threshold_rule_for_triggering" time="0.217" /><testcase classname="backend_test.TestAlertRules" name="test_rule_persists" time="0.115" /><testcase classname="backend_test.TestAlertRules" name="test_alerts_endpoint" time="0.186" /><testcase classname="backend_test.TestAlertRules" name="test_delete_rule" time="0.394" /><testcase classname="backend_test.TestUploads" name="test_upload_csv" time="0.122" /><testcase classname="backend_test.TestUploads" name="test_upload_las" time="0.160" /><testcase classname="backend_test.TestUploads" name="test_upload_invalid_extension" time="0.140" /><testcase classname="backend_test.TestUploads" name="test_list_uploads" time="0.128" /><testcase classname="backend_test.TestUploads" name="test_get_individual_upload" time="0.133" /><testcase classname="backend_test.TestUploads" name="test_get_nonexistent_upload" time="0.166" /><testcase classname="backend_test" name="test_websocket_live_feed" time="4.135" /><testcase classname="backend_test" name="test_alerts_triggered_present" time="0.154" /></testsuite></testsuites>